[2m> [22mtsc -p apps/api/tsconfig.json

apps/api/src/schemas/category.schema.ts(9,3): error TS2564: Property 'tenant_id' has no initializer and is not definitely assigned in the constructor.
apps/api/src/schemas/category.schema.ts(12,3): error TS2564: Property 'name' has no initializer and is not definitely assigned in the constructor.
apps/api/src/schemas/category.schema.ts(15,3): error TS2564: Property 'description' has no initializer and is not definitely assigned in the constructor.
apps/api/src/schemas/category.schema.ts(18,3): error TS2564: Property 'icon' has no initializer and is not definitely assigned in the constructor.
apps/api/src/schemas/category.schema.ts(21,3): error TS2564: Property 'color' has no initializer and is not definitely assigned in the constructor.
apps/api/src/schemas/category.schema.ts(24,3): error TS2564: Property 'order' has no initializer and is not definitely assigned in the constructor.
apps/api/src/schemas/category.schema.ts(27,3): error TS2564: Property 'is_active' has no initializer and is not definitely assigned in the constructor.
apps/api/src/schemas/category.schema.ts(30,3): error TS2564: Property 'created_at' has no initializer and is not definitely assigned in the constructor.
apps/api/src/schemas/category.schema.ts(33,3): error TS2564: Property 'updated_at' has no initializer and is not definitely assigned in the constructor.
apps/api/src/schemas/topping.schema.ts(9,3): error TS2564: Property 'tenant_id' has no initializer and is not definitely assigned in the constructor.
apps/api/src/schemas/topping.schema.ts(12,3): error TS2564: Property 'name' has no initializer and is not definitely assigned in the constructor.
apps/api/src/schemas/topping.schema.ts(15,3): error TS2564: Property 'price' has no initializer and is not definitely assigned in the constructor.
apps/api/src/schemas/topping.schema.ts(18,3): error TS2564: Property 'is_active' has no initializer and is not definitely assigned in the constructor.
apps/api/src/schemas/topping.schema.ts(21,3): error TS2564: Property 'created_at' has no initializer and is not definitely assigned in the constructor.
apps/api/src/schemas/topping.schema.ts(24,3): error TS2564: Property 'updated_at' has no initializer and is not definitely assigned in the constructor.
apps/api/src/schemas/variant.schema.ts(9,3): error TS2564: Property 'name' has no initializer and is not definitely assigned in the constructor.
apps/api/src/schemas/variant.schema.ts(12,3): error TS2564: Property 'price_multiplier' has no initializer and is not definitely assigned in the constructor.
apps/api/src/schemas/variant.schema.ts(15,3): error TS2564: Property 'is_active' has no initializer and is not definitely assigned in the constructor.
apps/api/src/schemas/variant.schema.ts(18,3): error TS2564: Property 'created_at' has no initializer and is not definitely assigned in the constructor.
apps/api/src/schemas/variant.schema.ts(21,3): error TS2564: Property 'updated_at' has no initializer and is not definitely assigned in the constructor.
[2m> [22mtsc -p apps/api/tsconfig.json

apps/api/src/schemas/category.schema.ts(9,3): error TS2564: Property 'tenant_id' has no initializer and is not definitely assigned in the constructor.
apps/api/src/schemas/category.schema.ts(12,3): error TS2564: Property 'name' has no initializer and is not definitely assigned in the constructor.
apps/api/src/schemas/category.schema.ts(15,3): error TS2564: Property 'description' has no initializer and is not definitely assigned in the constructor.
apps/api/src/schemas/category.schema.ts(18,3): error TS2564: Property 'icon' has no initializer and is not definitely assigned in the constructor.
apps/api/src/schemas/category.schema.ts(21,3): error TS2564: Property 'color' has no initializer and is not definitely assigned in the constructor.
apps/api/src/schemas/category.schema.ts(24,3): error TS2564: Property 'order' has no initializer and is not definitely assigned in the constructor.
apps/api/src/schemas/category.schema.ts(27,3): error TS2564: Property 'is_active' has no initializer and is not definitely assigned in the constructor.
apps/api/src/schemas/category.schema.ts(30,3): error TS2564: Property 'created_at' has no initializer and is not definitely assigned in the constructor.
apps/api/src/schemas/category.schema.ts(33,3): error TS2564: Property 'updated_at' has no initializer and is not definitely assigned in the constructor.
apps/api/src/schemas/topping.schema.ts(9,3): error TS2564: Property 'tenant_id' has no initializer and is not definitely assigned in the constructor.
apps/api/src/schemas/topping.schema.ts(12,3): error TS2564: Property 'name' has no initializer and is not definitely assigned in the constructor.
apps/api/src/schemas/topping.schema.ts(15,3): error TS2564: Property 'price' has no initializer and is not definitely assigned in the constructor.
apps/api/src/schemas/topping.schema.ts(18,3): error TS2564: Property 'is_active' has no initializer and is not definitely assigned in the constructor.
apps/api/src/schemas/topping.schema.ts(21,3): error TS2564: Property 'created_at' has no initializer and is not definitely assigned in the constructor.
apps/api/src/schemas/topping.schema.ts(24,3): error TS2564: Property 'updated_at' has no initializer and is not definitely assigned in the constructor.
apps/api/src/schemas/variant.schema.ts(9,3): error TS2564: Property 'name' has no initializer and is not definitely assigned in the constructor.
apps/api/src/schemas/variant.schema.ts(12,3): error TS2564: Property 'price_multiplier' has no initializer and is not definitely assigned in the constructor.
apps/api/src/schemas/variant.schema.ts(15,3): error TS2564: Property 'is_active' has no initializer and is not definitely assigned in the constructor.
apps/api/src/schemas/variant.schema.ts(18,3): error TS2564: Property 'created_at' has no initializer and is not definitely assigned in the constructor.
apps/api/src/schemas/variant.schema.ts(21,3): error TS2564: Property 'updated_at' has no initializer and is not definitely assigned in the constructor.
Warning: command "tsc -p apps/api/tsconfig.json" exited with non-zero status code